<?xml version="1.0" encoding="UTF-8"?>
<testsuite xmlns:xsi="http://www.w3.org/2001/XMLSchema-instance" xsi:noNamespaceSchemaLocation="https://maven.apache.org/surefire/maven-surefire-plugin/xsd/surefire-test-report.xsd" version="3.0.2" name="com.example.todoapi.TodoApiApplicationTests" time="6.073" tests="1" errors="0" skipped="0" failures="0">
  <properties>
[...]
</properties>
  <testcase name="contextLoads" classname="com.example.todoapi.TodoApiApplicationTests" time="0.015">
    <system-out><![CDATA[20:04:36.841 [main] INFO org.springframework.test.context.support.AnnotationConfigContextLoaderUtils -- Could not detect default configuration classes for test class [com.example.todoapi.TodoApiApplicationTests]: TodoApiApplicationTests does not declare any static, non-private, non-final, nested classes annotated with @Configuration.
20:04:36.997 [main] INFO org.springframework.boot.test.context.SpringBootTestContextBootstrapper -- Found @SpringBootConfiguration com.example.todoapi.TodoApiApplication for test class com.example.todoapi.TodoApiApplicationTests

  .   ____          _            __ _ _
 /\\ / ___'_ __ _ _(_)_ __  __ _ \ \ \ \
( ( )\___ | '_ | '_| | '_ \/ _` | \ \ \ \
 \\/  ___)| |_)| | | | | || (_| |  ) ) ) )
  '  |____| .__|_| |_|_| |_\__, | / / / /
 =========|_|==============|___/=/_/_/_/

 :: Spring Boot ::                (v3.4.2)

2025-02-17T20:04:37.624-03:00  INFO 13084 --- [           main] c.e.todoapi.TodoApiApplicationTests      : Starting TodoApiApplicationTests using Java 21.0.6 with PID 13084 (started by lgrios1 in C:\Users\lgrios1\Downloads\todo-api\todo-api)
2025-02-17T20:04:37.626-03:00  INFO 13084 --- [           main] c.e.todoapi.TodoApiApplicationTests      : No active profile set, falling back to 1 default profile: "default"
2025-02-17T20:04:38.731-03:00  INFO 13084 --- [           main] .s.d.r.c.RepositoryConfigurationDelegate : Bootstrapping Spring Data JPA repositories in DEFAULT mode.
2025-02-17T20:04:38.824-03:00  INFO 13084 --- [           main] .s.d.r.c.RepositoryConfigurationDelegate : Finished Spring Data repository scanning in 74 ms. Found 1 JPA repository interface.
2025-02-17T20:04:39.673-03:00  INFO 13084 --- [           main] com.zaxxer.hikari.HikariDataSource       : HikariPool-1 - Starting...
2025-02-17T20:04:39.943-03:00  INFO 13084 --- [           main] com.zaxxer.hikari.pool.HikariPool        : HikariPool-1 - Added connection conn0: url=jdbc:h2:mem:ToDoDB user=SA
2025-02-17T20:04:39.947-03:00  INFO 13084 --- [           main] com.zaxxer.hikari.HikariDataSource       : HikariPool-1 - Start completed.
2025-02-17T20:04:40.015-03:00  INFO 13084 --- [           main] org.flywaydb.core.FlywayExecutor         : Database: jdbc:h2:mem:ToDoDB (H2 2.3)
2025-02-17T20:04:40.023-03:00  WARN 13084 --- [           main] o.f.c.internal.database.base.Database    : Flyway upgrade recommended: H2 2.3.232 is newer than this version of Flyway and support has not been tested. The latest supported version of H2 is 2.2.224.
2025-02-17T20:04:40.053-03:00  INFO 13084 --- [           main] o.f.c.i.s.JdbcTableSchemaHistory         : Schema history table "PUBLIC"."flyway_schema_history" does not exist yet
2025-02-17T20:04:40.056-03:00  INFO 13084 --- [           main] o.f.core.internal.command.DbValidate     : Successfully validated 1 migration (execution time 00:00.017s)
2025-02-17T20:04:40.065-03:00  INFO 13084 --- [           main] o.f.c.i.s.JdbcTableSchemaHistory         : Creating Schema History table "PUBLIC"."flyway_schema_history" ...
2025-02-17T20:04:40.103-03:00  INFO 13084 --- [           main] o.f.core.internal.command.DbMigrate      : Current version of schema "PUBLIC": << Empty Schema >>
2025-02-17T20:04:40.116-03:00  INFO 13084 --- [           main] o.f.core.internal.command.DbMigrate      : Migrating schema "PUBLIC" to version "1 - create tasks table"
2025-02-17T20:04:40.142-03:00  INFO 13084 --- [           main] o.f.core.internal.command.DbMigrate      : Successfully applied 1 migration to schema "PUBLIC", now at version v1 (execution time 00:00.010s)
2025-02-17T20:04:40.296-03:00  INFO 13084 --- [           main] o.hibernate.jpa.internal.util.LogHelper  : HHH000204: Processing PersistenceUnitInfo [name: default]
2025-02-17T20:04:40.390-03:00  INFO 13084 --- [           main] org.hibernate.Version                    : HHH000412: Hibernate ORM core version 6.6.5.Final
2025-02-17T20:04:40.438-03:00  INFO 13084 --- [           main] o.h.c.internal.RegionFactoryInitiator    : HHH000026: Second-level cache disabled
2025-02-17T20:04:40.613-03:00  INFO 13084 --- [           main] o.s.o.j.p.SpringPersistenceUnitInfo      : No LoadTimeWeaver setup: ignoring JPA class transformer
2025-02-17T20:04:40.677-03:00  WARN 13084 --- [           main] org.hibernate.orm.deprecation            : HHH90000025: H2Dialect does not need to be specified explicitly using 'hibernate.dialect' (remove the property setting and it will be selected by default)
2025-02-17T20:04:40.697-03:00  INFO 13084 --- [           main] org.hibernate.orm.connections.pooling    : HHH10001005: Database info:
	Database JDBC URL [Connecting through datasource 'HikariDataSource (HikariPool-1)']
	Database driver: undefined/unknown
	Database version: 2.3.232
	Autocommit mode: undefined/unknown
	Isolation level: undefined/unknown
	Minimum pool size: undefined/unknown
	Maximum pool size: undefined/unknown
2025-02-17T20:04:41.444-03:00  INFO 13084 --- [           main] o.h.e.t.j.p.i.JtaPlatformInitiator       : HHH000489: No JTA platform available (set 'hibernate.transaction.jta.platform' to enable JTA platform integration)
2025-02-17T20:04:41.448-03:00  INFO 13084 --- [           main] j.LocalContainerEntityManagerFactoryBean : Initialized JPA EntityManagerFactory for persistence unit 'default'
2025-02-17T20:04:42.003-03:00  WARN 13084 --- [           main] JpaBaseConfiguration$JpaWebConfiguration : spring.jpa.open-in-view is enabled by default. Therefore, database queries may be performed during view rendering. Explicitly configure spring.jpa.open-in-view to disable this warning
2025-02-17T20:04:42.083-03:00  INFO 13084 --- [           main] o.s.v.b.OptionalValidatorFactoryBean     : Failed to set up a Bean Validation provider: jakarta.validation.NoProviderFoundException: Unable to create a Configuration, because no Jakarta Bean Validation provider could be found. Add a provider like Hibernate Validator (RI) to your classpath.
2025-02-17T20:04:42.588-03:00  INFO 13084 --- [           main] o.s.b.a.h2.H2ConsoleAutoConfiguration    : H2 console available at '/h2-console'. Database available at 'jdbc:h2:mem:ToDoDB'
2025-02-17T20:04:42.666-03:00  INFO 13084 --- [           main] c.e.todoapi.TodoApiApplicationTests      : Started TodoApiApplicationTests in 5.477 seconds (process running for 8.511)
]]></system-out>
  </testcase>
</testsuite>